GROUP,PACKAGE,CLASS,INSTRUCTION_MISSED,INSTRUCTION_COVERED,BRANCH_MISSED,BRANCH_COVERED,LINE_MISSED,LINE_COVERED,COMPLEXITY_MISSED,COMPLEXITY_COVERED,METHOD_MISSED,METHOD_COVERED
proyecto,com.sigomei.servidor.service,OrdenService,883,0,182,0,189,0,114,0,23,0
proyecto,com.sigomei.servidor.service,TecnicoService,567,0,116,0,119,0,73,0,15,0
proyecto,com.sigomei.servidor.service,EquipoService,507,0,100,0,106,0,64,0,14,0
proyecto,com.sigomei.servidor.service,InMemorySigomeiStore,0,316,0,0,0,49,0,2,0,2
proyecto,com.sigomei.servidor.service,UsuarioService,15,67,3,5,5,16,4,6,1,5
