GROUP,PACKAGE,CLASS,INSTRUCTION_MISSED,INSTRUCTION_COVERED,BRANCH_MISSED,BRANCH_COVERED,LINE_MISSED,LINE_COVERED,COMPLEXITY_MISSED,COMPLEXITY_COVERED,METHOD_MISSED,METHOD_COVERED
proyecto,com.sigomei.servidor.service,OrdenService,72,620,39,111,12,125,36,60,1,20
proyecto,com.sigomei.servidor.service,TecnicoService,39,383,29,61,5,74,26,31,0,12
proyecto,com.sigomei.servidor.service,EquipoService,70,300,31,45,13,55,27,22,1,10
proyecto,com.sigomei.servidor.service,InMemorySigomeiStore,0,316,0,0,0,49,0,2,0,2
proyecto,com.sigomei.servidor.service,UsuarioService,14,44,2,2,3,9,4,3,2,3
