-------------------------------------------------------------------------------
Test set: com.sigomei.servidor.service.ReglasNegocioServiceTest
-------------------------------------------------------------------------------
Tests run: 16, Failures: 16, Errors: 0, Skipped: 0, Time elapsed: 0.129 s <<< FAILURE! -- in com.sigomei.servidor.service.ReglasNegocioServiceTest
com.sigomei.servidor.service.ReglasNegocioServiceTest.rn05_negativo_fechasIncorrectas -- Time elapsed: 0.040 s <<< FAILURE!
org.opentest4j.AssertionFailedError: Unexpected exception type thrown, expected: <com.sigomei.api.excepciones.ReglaNegocioException> but was: <java.lang.UnsupportedOperationException>
	at org.junit.jupiter.api.AssertionFailureBuilder.build(AssertionFailureBuilder.java:151)
	at org.junit.jupiter.api.AssertThrows.assertThrows(AssertThrows.java:67)
	at org.junit.jupiter.api.AssertThrows.assertThrows(AssertThrows.java:35)
	at org.junit.jupiter.api.Assertions.assertThrows(Assertions.java:3115)
	at com.sigomei.servidor.service.ReglasNegocioServiceTest.rn05_negativo_fechasIncorrectas(ReglasNegocioServiceTest.java:132)
	at java.base/java.lang.reflect.Method.invoke(Method.java:580)
	at java.base/java.util.ArrayList.forEach(ArrayList.java:1597)
	at java.base/java.util.ArrayList.forEach(ArrayList.java:1597)
Caused by: java.lang.UnsupportedOperationException: Método registrarOrden no implementado
	at com.sigomei.servidor.service.OrdenService.registrarOrden(OrdenService.java:18)
	at com.sigomei.servidor.service.ReglasNegocioServiceTest.lambda$rn05_negativo_fechasIncorrectas$9(ReglasNegocioServiceTest.java:134)
	at org.junit.jupiter.api.AssertThrows.assertThrows(AssertThrows.java:53)
	... 6 more

com.sigomei.servidor.service.ReglasNegocioServiceTest.rn03_negativo_eliminarTecnicoConOrdenes -- Time elapsed: 0.005 s <<< FAILURE!
org.opentest4j.AssertionFailedError: Unexpected exception type thrown, expected: <com.sigomei.api.excepciones.ReglaNegocioException> but was: <java.lang.UnsupportedOperationException>
	at org.junit.jupiter.api.AssertionFailureBuilder.build(AssertionFailureBuilder.java:151)
	at org.junit.jupiter.api.AssertThrows.assertThrows(AssertThrows.java:67)
	at org.junit.jupiter.api.AssertThrows.assertThrows(AssertThrows.java:35)
	at org.junit.jupiter.api.Assertions.assertThrows(Assertions.java:3115)
	at com.sigomei.servidor.service.ReglasNegocioServiceTest.rn03_negativo_eliminarTecnicoConOrdenes(ReglasNegocioServiceTest.java:77)
	at java.base/java.lang.reflect.Method.invoke(Method.java:580)
	at java.base/java.util.ArrayList.forEach(ArrayList.java:1597)
	at java.base/java.util.ArrayList.forEach(ArrayList.java:1597)
Caused by: java.lang.UnsupportedOperationException: Método eliminarTecnico no implementado
	at com.sigomei.servidor.service.TecnicoService.eliminarTecnico(TecnicoService.java:46)
	at com.sigomei.servidor.service.ReglasNegocioServiceTest.lambda$rn03_negativo_eliminarTecnicoConOrdenes$5(ReglasNegocioServiceTest.java:79)
	at org.junit.jupiter.api.AssertThrows.assertThrows(AssertThrows.java:53)
	... 6 more

com.sigomei.servidor.service.ReglasNegocioServiceTest.rn08_negativo_transicionInvalida -- Time elapsed: 0.002 s <<< FAILURE!
org.opentest4j.AssertionFailedError: Unexpected exception type thrown, expected: <com.sigomei.api.excepciones.ReglaNegocioException> but was: <java.lang.UnsupportedOperationException>
	at org.junit.jupiter.api.AssertionFailureBuilder.build(AssertionFailureBuilder.java:151)
	at org.junit.jupiter.api.AssertThrows.assertThrows(AssertThrows.java:67)
	at org.junit.jupiter.api.AssertThrows.assertThrows(AssertThrows.java:35)
	at org.junit.jupiter.api.Assertions.assertThrows(Assertions.java:3115)
	at com.sigomei.servidor.service.ReglasNegocioServiceTest.rn08_negativo_transicionInvalida(ReglasNegocioServiceTest.java:215)
	at java.base/java.lang.reflect.Method.invoke(Method.java:580)
	at java.base/java.util.ArrayList.forEach(ArrayList.java:1597)
	at java.base/java.util.ArrayList.forEach(ArrayList.java:1597)
Caused by: java.lang.UnsupportedOperationException: Método cambiarEstadoOrden no implementado
	at com.sigomei.servidor.service.OrdenService.cambiarEstadoOrden(OrdenService.java:40)
	at com.sigomei.servidor.service.ReglasNegocioServiceTest.lambda$rn08_negativo_transicionInvalida$15(ReglasNegocioServiceTest.java:217)
	at org.junit.jupiter.api.AssertThrows.assertThrows(AssertThrows.java:53)
	... 6 more

com.sigomei.servidor.service.ReglasNegocioServiceTest.rn03_positivo_eliminarTecnicoSinOrdenes -- Time elapsed: 0.003 s <<< FAILURE!
org.opentest4j.AssertionFailedError: Unexpected exception thrown: java.lang.UnsupportedOperationException: Método eliminarTecnico no implementado
	at org.junit.jupiter.api.AssertionFailureBuilder.build(AssertionFailureBuilder.java:152)
	at org.junit.jupiter.api.AssertDoesNotThrow.createAssertionFailedError(AssertDoesNotThrow.java:84)
	at org.junit.jupiter.api.AssertDoesNotThrow.assertDoesNotThrow(AssertDoesNotThrow.java:53)
	at org.junit.jupiter.api.AssertDoesNotThrow.assertDoesNotThrow(AssertDoesNotThrow.java:36)
	at org.junit.jupiter.api.Assertions.assertDoesNotThrow(Assertions.java:3168)
	at com.sigomei.servidor.service.ReglasNegocioServiceTest.rn03_positivo_eliminarTecnicoSinOrdenes(ReglasNegocioServiceTest.java:70)
	at java.base/java.lang.reflect.Method.invoke(Method.java:580)
	at java.base/java.util.ArrayList.forEach(ArrayList.java:1597)
	at java.base/java.util.ArrayList.forEach(ArrayList.java:1597)
Caused by: java.lang.UnsupportedOperationException: Método eliminarTecnico no implementado
	at com.sigomei.servidor.service.TecnicoService.eliminarTecnico(TecnicoService.java:46)
	at com.sigomei.servidor.service.ReglasNegocioServiceTest.lambda$rn03_positivo_eliminarTecnicoSinOrdenes$4(ReglasNegocioServiceTest.java:70)
	at org.junit.jupiter.api.AssertDoesNotThrow.assertDoesNotThrow(AssertDoesNotThrow.java:49)
	... 6 more

com.sigomei.servidor.service.ReglasNegocioServiceTest.rn06_positivo_finalizarConDatosCompletos -- Time elapsed: 0.001 s <<< FAILURE!
org.opentest4j.AssertionFailedError: Unexpected exception thrown: java.lang.UnsupportedOperationException: Método cambiarEstadoOrden no implementado
	at org.junit.jupiter.api.AssertionFailureBuilder.build(AssertionFailureBuilder.java:152)
	at org.junit.jupiter.api.AssertDoesNotThrow.createAssertionFailedError(AssertDoesNotThrow.java:84)
	at org.junit.jupiter.api.AssertDoesNotThrow.assertDoesNotThrow(AssertDoesNotThrow.java:75)
	at org.junit.jupiter.api.AssertDoesNotThrow.assertDoesNotThrow(AssertDoesNotThrow.java:58)
	at org.junit.jupiter.api.Assertions.assertDoesNotThrow(Assertions.java:3228)
	at com.sigomei.servidor.service.ReglasNegocioServiceTest.rn06_positivo_finalizarConDatosCompletos(ReglasNegocioServiceTest.java:142)
	at java.base/java.lang.reflect.Method.invoke(Method.java:580)
	at java.base/java.util.ArrayList.forEach(ArrayList.java:1597)
	at java.base/java.util.ArrayList.forEach(ArrayList.java:1597)
Caused by: java.lang.UnsupportedOperationException: Método cambiarEstadoOrden no implementado
	at com.sigomei.servidor.service.OrdenService.cambiarEstadoOrden(OrdenService.java:40)
	at com.sigomei.servidor.service.ReglasNegocioServiceTest.lambda$rn06_positivo_finalizarConDatosCompletos$10(ReglasNegocioServiceTest.java:143)
	at org.junit.jupiter.api.AssertDoesNotThrow.assertDoesNotThrow(AssertDoesNotThrow.java:71)
	... 6 more

com.sigomei.servidor.service.ReglasNegocioServiceTest.rn02_negativo_ordenDuplicada -- Time elapsed: 0.003 s <<< FAILURE!
org.opentest4j.AssertionFailedError: Unexpected exception type thrown, expected: <com.sigomei.api.excepciones.ReglaNegocioException> but was: <java.lang.UnsupportedOperationException>
	at org.junit.jupiter.api.AssertionFailureBuilder.build(AssertionFailureBuilder.java:151)
	at org.junit.jupiter.api.AssertThrows.assertThrows(AssertThrows.java:67)
	at org.junit.jupiter.api.AssertThrows.assertThrows(AssertThrows.java:35)
	at org.junit.jupiter.api.Assertions.assertThrows(Assertions.java:3115)
	at com.sigomei.servidor.service.ReglasNegocioServiceTest.rn02_negativo_ordenDuplicada(ReglasNegocioServiceTest.java:57)
	at java.base/java.lang.reflect.Method.invoke(Method.java:580)
	at java.base/java.util.ArrayList.forEach(ArrayList.java:1597)
	at java.base/java.util.ArrayList.forEach(ArrayList.java:1597)
Caused by: java.lang.UnsupportedOperationException: Método registrarOrden no implementado
	at com.sigomei.servidor.service.OrdenService.registrarOrden(OrdenService.java:18)
	at com.sigomei.servidor.service.ReglasNegocioServiceTest.lambda$rn02_negativo_ordenDuplicada$3(ReglasNegocioServiceTest.java:59)
	at org.junit.jupiter.api.AssertThrows.assertThrows(AssertThrows.java:53)
	... 6 more

com.sigomei.servidor.service.ReglasNegocioServiceTest.rn07_positivo_criticidadAltaConNivelII -- Time elapsed: 0.003 s <<< FAILURE!
org.opentest4j.AssertionFailedError: Unexpected exception thrown: java.lang.UnsupportedOperationException: Método registrarOrden no implementado
	at org.junit.jupiter.api.AssertionFailureBuilder.build(AssertionFailureBuilder.java:152)
	at org.junit.jupiter.api.AssertDoesNotThrow.createAssertionFailedError(AssertDoesNotThrow.java:84)
	at org.junit.jupiter.api.AssertDoesNotThrow.assertDoesNotThrow(AssertDoesNotThrow.java:75)
	at org.junit.jupiter.api.AssertDoesNotThrow.assertDoesNotThrow(AssertDoesNotThrow.java:58)
	at org.junit.jupiter.api.Assertions.assertDoesNotThrow(Assertions.java:3228)
	at com.sigomei.servidor.service.ReglasNegocioServiceTest.rn07_positivo_criticidadAltaConNivelII(ReglasNegocioServiceTest.java:178)
	at java.base/java.lang.reflect.Method.invoke(Method.java:580)
	at java.base/java.util.ArrayList.forEach(ArrayList.java:1597)
	at java.base/java.util.ArrayList.forEach(ArrayList.java:1597)
Caused by: java.lang.UnsupportedOperationException: Método registrarOrden no implementado
	at com.sigomei.servidor.service.OrdenService.registrarOrden(OrdenService.java:18)
	at com.sigomei.servidor.service.ReglasNegocioServiceTest.lambda$rn07_positivo_criticidadAltaConNivelII$12(ReglasNegocioServiceTest.java:178)
	at org.junit.jupiter.api.AssertDoesNotThrow.assertDoesNotThrow(AssertDoesNotThrow.java:71)
	... 6 more

com.sigomei.servidor.service.ReglasNegocioServiceTest.rn02_positivo_sinOrdenDuplicada -- Time elapsed: 0.002 s <<< FAILURE!
org.opentest4j.AssertionFailedError: Unexpected exception thrown: java.lang.UnsupportedOperationException: Método registrarOrden no implementado
	at org.junit.jupiter.api.AssertionFailureBuilder.build(AssertionFailureBuilder.java:152)
	at org.junit.jupiter.api.AssertDoesNotThrow.createAssertionFailedError(AssertDoesNotThrow.java:84)
	at org.junit.jupiter.api.AssertDoesNotThrow.assertDoesNotThrow(AssertDoesNotThrow.java:75)
	at org.junit.jupiter.api.AssertDoesNotThrow.assertDoesNotThrow(AssertDoesNotThrow.java:58)
	at org.junit.jupiter.api.Assertions.assertDoesNotThrow(Assertions.java:3228)
	at com.sigomei.servidor.service.ReglasNegocioServiceTest.rn02_positivo_sinOrdenDuplicada(ReglasNegocioServiceTest.java:46)
	at java.base/java.lang.reflect.Method.invoke(Method.java:580)
	at java.base/java.util.ArrayList.forEach(ArrayList.java:1597)
	at java.base/java.util.ArrayList.forEach(ArrayList.java:1597)
Caused by: java.lang.UnsupportedOperationException: Método registrarOrden no implementado
	at com.sigomei.servidor.service.OrdenService.registrarOrden(OrdenService.java:18)
	at com.sigomei.servidor.service.ReglasNegocioServiceTest.lambda$rn02_positivo_sinOrdenDuplicada$2(ReglasNegocioServiceTest.java:46)
	at org.junit.jupiter.api.AssertDoesNotThrow.assertDoesNotThrow(AssertDoesNotThrow.java:71)
	... 6 more

com.sigomei.servidor.service.ReglasNegocioServiceTest.rn06_negativo_finalizarSinDatos -- Time elapsed: 0.002 s <<< FAILURE!
org.opentest4j.AssertionFailedError: Unexpected exception type thrown, expected: <com.sigomei.api.excepciones.ReglaNegocioException> but was: <java.lang.UnsupportedOperationException>
	at org.junit.jupiter.api.AssertionFailureBuilder.build(AssertionFailureBuilder.java:151)
	at org.junit.jupiter.api.AssertThrows.assertThrows(AssertThrows.java:67)
	at org.junit.jupiter.api.AssertThrows.assertThrows(AssertThrows.java:35)
	at org.junit.jupiter.api.Assertions.assertThrows(Assertions.java:3115)
	at com.sigomei.servidor.service.ReglasNegocioServiceTest.rn06_negativo_finalizarSinDatos(ReglasNegocioServiceTest.java:159)
	at java.base/java.lang.reflect.Method.invoke(Method.java:580)
	at java.base/java.util.ArrayList.forEach(ArrayList.java:1597)
	at java.base/java.util.ArrayList.forEach(ArrayList.java:1597)
Caused by: java.lang.UnsupportedOperationException: Método cambiarEstadoOrden no implementado
	at com.sigomei.servidor.service.OrdenService.cambiarEstadoOrden(OrdenService.java:40)
	at com.sigomei.servidor.service.ReglasNegocioServiceTest.lambda$rn06_negativo_finalizarSinDatos$11(ReglasNegocioServiceTest.java:161)
	at org.junit.jupiter.api.AssertThrows.assertThrows(AssertThrows.java:53)
	... 6 more

com.sigomei.servidor.service.ReglasNegocioServiceTest.rn08_positivo_transicionValida -- Time elapsed: 0.003 s <<< FAILURE!
org.opentest4j.AssertionFailedError: Unexpected exception thrown: java.lang.UnsupportedOperationException: Método cambiarEstadoOrden no implementado
	at org.junit.jupiter.api.AssertionFailureBuilder.build(AssertionFailureBuilder.java:152)
	at org.junit.jupiter.api.AssertDoesNotThrow.createAssertionFailedError(AssertDoesNotThrow.java:84)
	at org.junit.jupiter.api.AssertDoesNotThrow.assertDoesNotThrow(AssertDoesNotThrow.java:75)
	at org.junit.jupiter.api.AssertDoesNotThrow.assertDoesNotThrow(AssertDoesNotThrow.java:58)
	at org.junit.jupiter.api.Assertions.assertDoesNotThrow(Assertions.java:3228)
	at com.sigomei.servidor.service.ReglasNegocioServiceTest.rn08_positivo_transicionValida(ReglasNegocioServiceTest.java:200)
	at java.base/java.lang.reflect.Method.invoke(Method.java:580)
	at java.base/java.util.ArrayList.forEach(ArrayList.java:1597)
	at java.base/java.util.ArrayList.forEach(ArrayList.java:1597)
Caused by: java.lang.UnsupportedOperationException: Método cambiarEstadoOrden no implementado
	at com.sigomei.servidor.service.OrdenService.cambiarEstadoOrden(OrdenService.java:40)
	at com.sigomei.servidor.service.ReglasNegocioServiceTest.lambda$rn08_positivo_transicionValida$14(ReglasNegocioServiceTest.java:201)
	at org.junit.jupiter.api.AssertDoesNotThrow.assertDoesNotThrow(AssertDoesNotThrow.java:71)
	... 6 more

com.sigomei.servidor.service.ReglasNegocioServiceTest.rn05_positivo_fechasCorrectas -- Time elapsed: 0.002 s <<< FAILURE!
org.opentest4j.AssertionFailedError: Unexpected exception thrown: java.lang.UnsupportedOperationException: Método registrarOrden no implementado
	at org.junit.jupiter.api.AssertionFailureBuilder.build(AssertionFailureBuilder.java:152)
	at org.junit.jupiter.api.AssertDoesNotThrow.createAssertionFailedError(AssertDoesNotThrow.java:84)
	at org.junit.jupiter.api.AssertDoesNotThrow.assertDoesNotThrow(AssertDoesNotThrow.java:75)
	at org.junit.jupiter.api.AssertDoesNotThrow.assertDoesNotThrow(AssertDoesNotThrow.java:58)
	at org.junit.jupiter.api.Assertions.assertDoesNotThrow(Assertions.java:3228)
	at com.sigomei.servidor.service.ReglasNegocioServiceTest.rn05_positivo_fechasCorrectas(ReglasNegocioServiceTest.java:116)
	at java.base/java.lang.reflect.Method.invoke(Method.java:580)
	at java.base/java.util.ArrayList.forEach(ArrayList.java:1597)
	at java.base/java.util.ArrayList.forEach(ArrayList.java:1597)
Caused by: java.lang.UnsupportedOperationException: Método registrarOrden no implementado
	at com.sigomei.servidor.service.OrdenService.registrarOrden(OrdenService.java:18)
	at com.sigomei.servidor.service.ReglasNegocioServiceTest.lambda$rn05_positivo_fechasCorrectas$8(ReglasNegocioServiceTest.java:116)
	at org.junit.jupiter.api.AssertDoesNotThrow.assertDoesNotThrow(AssertDoesNotThrow.java:71)
	... 6 more

com.sigomei.servidor.service.ReglasNegocioServiceTest.rn04_negativo_tecnicoInactivo -- Time elapsed: 0.002 s <<< FAILURE!
org.opentest4j.AssertionFailedError: Unexpected exception type thrown, expected: <com.sigomei.api.excepciones.ReglaNegocioException> but was: <java.lang.UnsupportedOperationException>
	at org.junit.jupiter.api.AssertionFailureBuilder.build(AssertionFailureBuilder.java:151)
	at org.junit.jupiter.api.AssertThrows.assertThrows(AssertThrows.java:67)
	at org.junit.jupiter.api.AssertThrows.assertThrows(AssertThrows.java:35)
	at org.junit.jupiter.api.Assertions.assertThrows(Assertions.java:3115)
	at com.sigomei.servidor.service.ReglasNegocioServiceTest.rn04_negativo_tecnicoInactivo(ReglasNegocioServiceTest.java:99)
	at java.base/java.lang.reflect.Method.invoke(Method.java:580)
	at java.base/java.util.ArrayList.forEach(ArrayList.java:1597)
	at java.base/java.util.ArrayList.forEach(ArrayList.java:1597)
Caused by: java.lang.UnsupportedOperationException: Método registrarOrden no implementado
	at com.sigomei.servidor.service.OrdenService.registrarOrden(OrdenService.java:18)
	at com.sigomei.servidor.service.ReglasNegocioServiceTest.lambda$rn04_negativo_tecnicoInactivo$7(ReglasNegocioServiceTest.java:101)
	at org.junit.jupiter.api.AssertThrows.assertThrows(AssertThrows.java:53)
	... 6 more

com.sigomei.servidor.service.ReglasNegocioServiceTest.rn07_negativo_criticidadAltaConNivelI -- Time elapsed: 0.001 s <<< FAILURE!
org.opentest4j.AssertionFailedError: Unexpected exception type thrown, expected: <com.sigomei.api.excepciones.ReglaNegocioException> but was: <java.lang.UnsupportedOperationException>
	at org.junit.jupiter.api.AssertionFailureBuilder.build(AssertionFailureBuilder.java:151)
	at org.junit.jupiter.api.AssertThrows.assertThrows(AssertThrows.java:67)
	at org.junit.jupiter.api.AssertThrows.assertThrows(AssertThrows.java:35)
	at org.junit.jupiter.api.Assertions.assertThrows(Assertions.java:3115)
	at com.sigomei.servidor.service.ReglasNegocioServiceTest.rn07_negativo_criticidadAltaConNivelI(ReglasNegocioServiceTest.java:189)
	at java.base/java.lang.reflect.Method.invoke(Method.java:580)
	at java.base/java.util.ArrayList.forEach(ArrayList.java:1597)
	at java.base/java.util.ArrayList.forEach(ArrayList.java:1597)
Caused by: java.lang.UnsupportedOperationException: Método registrarOrden no implementado
	at com.sigomei.servidor.service.OrdenService.registrarOrden(OrdenService.java:18)
	at com.sigomei.servidor.service.ReglasNegocioServiceTest.lambda$rn07_negativo_criticidadAltaConNivelI$13(ReglasNegocioServiceTest.java:191)
	at org.junit.jupiter.api.AssertThrows.assertThrows(AssertThrows.java:53)
	... 6 more

com.sigomei.servidor.service.ReglasNegocioServiceTest.rn01_negativo_tecnicoIncompatible -- Time elapsed: 0 s <<< FAILURE!
org.opentest4j.AssertionFailedError: Unexpected exception type thrown, expected: <com.sigomei.api.excepciones.ReglaNegocioException> but was: <java.lang.UnsupportedOperationException>
	at org.junit.jupiter.api.AssertionFailureBuilder.build(AssertionFailureBuilder.java:151)
	at org.junit.jupiter.api.AssertThrows.assertThrows(AssertThrows.java:67)
	at org.junit.jupiter.api.AssertThrows.assertThrows(AssertThrows.java:35)
	at org.junit.jupiter.api.Assertions.assertThrows(Assertions.java:3115)
	at com.sigomei.servidor.service.ReglasNegocioServiceTest.rn01_negativo_tecnicoIncompatible(ReglasNegocioServiceTest.java:34)
	at java.base/java.lang.reflect.Method.invoke(Method.java:580)
	at java.base/java.util.ArrayList.forEach(ArrayList.java:1597)
	at java.base/java.util.ArrayList.forEach(ArrayList.java:1597)
Caused by: java.lang.UnsupportedOperationException: Método registrarOrden no implementado
	at com.sigomei.servidor.service.OrdenService.registrarOrden(OrdenService.java:18)
	at com.sigomei.servidor.service.ReglasNegocioServiceTest.lambda$rn01_negativo_tecnicoIncompatible$1(ReglasNegocioServiceTest.java:36)
	at org.junit.jupiter.api.AssertThrows.assertThrows(AssertThrows.java:53)
	... 6 more

com.sigomei.servidor.service.ReglasNegocioServiceTest.rn01_positivo_tecnicoCompatible -- Time elapsed: 0.002 s <<< FAILURE!
org.opentest4j.AssertionFailedError: Unexpected exception thrown: java.lang.UnsupportedOperationException: Método registrarOrden no implementado
	at org.junit.jupiter.api.AssertionFailureBuilder.build(AssertionFailureBuilder.java:152)
	at org.junit.jupiter.api.AssertDoesNotThrow.createAssertionFailedError(AssertDoesNotThrow.java:84)
	at org.junit.jupiter.api.AssertDoesNotThrow.assertDoesNotThrow(AssertDoesNotThrow.java:75)
	at org.junit.jupiter.api.AssertDoesNotThrow.assertDoesNotThrow(AssertDoesNotThrow.java:58)
	at org.junit.jupiter.api.Assertions.assertDoesNotThrow(Assertions.java:3228)
	at com.sigomei.servidor.service.ReglasNegocioServiceTest.rn01_positivo_tecnicoCompatible(ReglasNegocioServiceTest.java:23)
	at java.base/java.lang.reflect.Method.invoke(Method.java:580)
	at java.base/java.util.ArrayList.forEach(ArrayList.java:1597)
	at java.base/java.util.ArrayList.forEach(ArrayList.java:1597)
Caused by: java.lang.UnsupportedOperationException: Método registrarOrden no implementado
	at com.sigomei.servidor.service.OrdenService.registrarOrden(OrdenService.java:18)
	at com.sigomei.servidor.service.ReglasNegocioServiceTest.lambda$rn01_positivo_tecnicoCompatible$0(ReglasNegocioServiceTest.java:23)
	at org.junit.jupiter.api.AssertDoesNotThrow.assertDoesNotThrow(AssertDoesNotThrow.java:71)
	... 6 more

com.sigomei.servidor.service.ReglasNegocioServiceTest.rn04_positivo_tecnicoActivo -- Time elapsed: 0.003 s <<< FAILURE!
org.opentest4j.AssertionFailedError: Unexpected exception thrown: java.lang.UnsupportedOperationException: Método registrarOrden no implementado
	at org.junit.jupiter.api.AssertionFailureBuilder.build(AssertionFailureBuilder.java:152)
	at org.junit.jupiter.api.AssertDoesNotThrow.createAssertionFailedError(AssertDoesNotThrow.java:84)
	at org.junit.jupiter.api.AssertDoesNotThrow.assertDoesNotThrow(AssertDoesNotThrow.java:75)
	at org.junit.jupiter.api.AssertDoesNotThrow.assertDoesNotThrow(AssertDoesNotThrow.java:58)
	at org.junit.jupiter.api.Assertions.assertDoesNotThrow(Assertions.java:3228)
	at com.sigomei.servidor.service.ReglasNegocioServiceTest.rn04_positivo_tecnicoActivo(ReglasNegocioServiceTest.java:89)
	at java.base/java.lang.reflect.Method.invoke(Method.java:580)
	at java.base/java.util.ArrayList.forEach(ArrayList.java:1597)
	at java.base/java.util.ArrayList.forEach(ArrayList.java:1597)
Caused by: java.lang.UnsupportedOperationException: Método registrarOrden no implementado
	at com.sigomei.servidor.service.OrdenService.registrarOrden(OrdenService.java:18)
	at com.sigomei.servidor.service.ReglasNegocioServiceTest.lambda$rn04_positivo_tecnicoActivo$6(ReglasNegocioServiceTest.java:89)
	at org.junit.jupiter.api.AssertDoesNotThrow.assertDoesNotThrow(AssertDoesNotThrow.java:71)
	... 6 more

