<?xml version="1.0" encoding="UTF-8"?>
<testsuite xmlns:xsi="http://www.w3.org/2001/XMLSchema-instance" xsi:noNamespaceSchemaLocation="https://maven.apache.org/surefire/maven-surefire-plugin/xsd/surefire-test-report-3.0.xsd" version="3.0" name="com.sigomei.servidor.service.ReglasNegocioServiceTest" time="0.129" tests="16" errors="0" skipped="0" failures="16">
  <properties>
[...]
</properties>
  <testcase name="rn05_negativo_fechasIncorrectas" classname="com.sigomei.servidor.service.ReglasNegocioServiceTest" time="0.04">
    <failure message="Unexpected exception type thrown, expected: &lt;com.sigomei.api.excepciones.ReglaNegocioException&gt; but was: &lt;java.lang.UnsupportedOperationException&gt;" type="org.opentest4j.AssertionFailedError"><![CDATA[org.opentest4j.AssertionFailedError: Unexpected exception type thrown, expected: <com.sigomei.api.excepciones.ReglaNegocioException> but was: <java.lang.UnsupportedOperationException>
	at org.junit.jupiter.api.AssertionFailureBuilder.build(AssertionFailureBuilder.java:151)
	at org.junit.jupiter.api.AssertThrows.assertThrows(AssertThrows.java:67)
	at org.junit.jupiter.api.AssertThrows.assertThrows(AssertThrows.java:35)
	at org.junit.jupiter.api.Assertions.assertThrows(Assertions.java:3115)
	at com.sigomei.servidor.service.ReglasNegocioServiceTest.rn05_negativo_fechasIncorrectas(ReglasNegocioServiceTest.java:132)
	at java.base/java.lang.reflect.Method.invoke(Method.java:580)
	at java.base/java.util.ArrayList.forEach(ArrayList.java:1597)
	at java.base/java.util.ArrayList.forEach(ArrayList.java:1597)
Caused by: java.lang.UnsupportedOperationException: Método registrarOrden no implementado
	at com.sigomei.servidor.service.OrdenService.registrarOrden(OrdenService.java:18)
	at com.sigomei.servidor.service.ReglasNegocioServiceTest.lambda$rn05_negativo_fechasIncorrectas$9(ReglasNegocioServiceTest.java:134)
	at org.junit.jupiter.api.AssertThrows.assertThrows(AssertThrows.java:53)
	... 6 more
]]></failure>
  </testcase>
  <testcase name="rn03_negativo_eliminarTecnicoConOrdenes" classname="com.sigomei.servidor.service.ReglasNegocioServiceTest" time="0.005">
    <failure message="Unexpected exception type thrown, expected: &lt;com.sigomei.api.excepciones.ReglaNegocioException&gt; but was: &lt;java.lang.UnsupportedOperationException&gt;" type="org.opentest4j.AssertionFailedError"><![CDATA[org.opentest4j.AssertionFailedError: Unexpected exception type thrown, expected: <com.sigomei.api.excepciones.ReglaNegocioException> but was: <java.lang.UnsupportedOperationException>
	at org.junit.jupiter.api.AssertionFailureBuilder.build(AssertionFailureBuilder.java:151)
	at org.junit.jupiter.api.AssertThrows.assertThrows(AssertThrows.java:67)
	at org.junit.jupiter.api.AssertThrows.assertThrows(AssertThrows.java:35)
	at org.junit.jupiter.api.Assertions.assertThrows(Assertions.java:3115)
	at com.sigomei.servidor.service.ReglasNegocioServiceTest.rn03_negativo_eliminarTecnicoConOrdenes(ReglasNegocioServiceTest.java:77)
	at java.base/java.lang.reflect.Method.invoke(Method.java:580)
	at java.base/java.util.ArrayList.forEach(ArrayList.java:1597)
	at java.base/java.util.ArrayList.forEach(ArrayList.java:1597)
Caused by: java.lang.UnsupportedOperationException: Método eliminarTecnico no implementado
	at com.sigomei.servidor.service.TecnicoService.eliminarTecnico(TecnicoService.java:46)
	at com.sigomei.servidor.service.ReglasNegocioServiceTest.lambda$rn03_negativo_eliminarTecnicoConOrdenes$5(ReglasNegocioServiceTest.java:79)
	at org.junit.jupiter.api.AssertThrows.assertThrows(AssertThrows.java:53)
	... 6 more
]]></failure>
  </testcase>
  <testcase name="rn08_negativo_transicionInvalida" classname="com.sigomei.servidor.service.ReglasNegocioServiceTest" time="0.002">
    <failure message="Unexpected exception type thrown, expected: &lt;com.sigomei.api.excepciones.ReglaNegocioException&gt; but was: &lt;java.lang.UnsupportedOperationException&gt;" type="org.opentest4j.AssertionFailedError"><![CDATA[org.opentest4j.AssertionFailedError: Unexpected exception type thrown, expected: <com.sigomei.api.excepciones.ReglaNegocioException> but was: <java.lang.UnsupportedOperationException>
	at org.junit.jupiter.api.AssertionFailureBuilder.build(AssertionFailureBuilder.java:151)
	at org.junit.jupiter.api.AssertThrows.assertThrows(AssertThrows.java:67)
	at org.junit.jupiter.api.AssertThrows.assertThrows(AssertThrows.java:35)
	at org.junit.jupiter.api.Assertions.assertThrows(Assertions.java:3115)
	at com.sigomei.servidor.service.ReglasNegocioServiceTest.rn08_negativo_transicionInvalida(ReglasNegocioServiceTest.java:215)
	at java.base/java.lang.reflect.Method.invoke(Method.java:580)
	at java.base/java.util.ArrayList.forEach(ArrayList.java:1597)
	at java.base/java.util.ArrayList.forEach(ArrayList.java:1597)
Caused by: java.lang.UnsupportedOperationException: Método cambiarEstadoOrden no implementado
	at com.sigomei.servidor.service.OrdenService.cambiarEstadoOrden(OrdenService.java:40)
	at com.sigomei.servidor.service.ReglasNegocioServiceTest.lambda$rn08_negativo_transicionInvalida$15(ReglasNegocioServiceTest.java:217)
	at org.junit.jupiter.api.AssertThrows.assertThrows(AssertThrows.java:53)
	... 6 more
]]></failure>
  </testcase>
  <testcase name="rn03_positivo_eliminarTecnicoSinOrdenes" classname="com.sigomei.servidor.service.ReglasNegocioServiceTest" time="0.003">
    <failure message="Unexpected exception thrown: java.lang.UnsupportedOperationException: Método eliminarTecnico no implementado" type="org.opentest4j.AssertionFailedError"><![CDATA[org.opentest4j.AssertionFailedError: Unexpected exception thrown: java.lang.UnsupportedOperationException: Método eliminarTecnico no implementado
	at org.junit.jupiter.api.AssertionFailureBuilder.build(AssertionFailureBuilder.java:152)
	at org.junit.jupiter.api.AssertDoesNotThrow.createAssertionFailedError(AssertDoesNotThrow.java:84)
	at org.junit.jupiter.api.AssertDoesNotThrow.assertDoesNotThrow(AssertDoesNotThrow.java:53)
	at org.junit.jupiter.api.AssertDoesNotThrow.assertDoesNotThrow(AssertDoesNotThrow.java:36)
	at org.junit.jupiter.api.Assertions.assertDoesNotThrow(Assertions.java:3168)
	at com.sigomei.servidor.service.ReglasNegocioServiceTest.rn03_positivo_eliminarTecnicoSinOrdenes(ReglasNegocioServiceTest.java:70)
	at java.base/java.lang.reflect.Method.invoke(Method.java:580)
	at java.base/java.util.ArrayList.forEach(ArrayList.java:1597)
	at java.base/java.util.ArrayList.forEach(ArrayList.java:1597)
Caused by: java.lang.UnsupportedOperationException: Método eliminarTecnico no implementado
	at com.sigomei.servidor.service.TecnicoService.eliminarTecnico(TecnicoService.java:46)
	at com.sigomei.servidor.service.ReglasNegocioServiceTest.lambda$rn03_positivo_eliminarTecnicoSinOrdenes$4(ReglasNegocioServiceTest.java:70)
	at org.junit.jupiter.api.AssertDoesNotThrow.assertDoesNotThrow(AssertDoesNotThrow.java:49)
	... 6 more
]]></failure>
  </testcase>
  <testcase name="rn06_positivo_finalizarConDatosCompletos" classname="com.sigomei.servidor.service.ReglasNegocioServiceTest" time="0.001">
    <failure message="Unexpected exception thrown: java.lang.UnsupportedOperationException: Método cambiarEstadoOrden no implementado" type="org.opentest4j.AssertionFailedError"><![CDATA[org.opentest4j.AssertionFailedError: Unexpected exception thrown: java.lang.UnsupportedOperationException: Método cambiarEstadoOrden no implementado
	at org.junit.jupiter.api.AssertionFailureBuilder.build(AssertionFailureBuilder.java:152)
	at org.junit.jupiter.api.AssertDoesNotThrow.createAssertionFailedError(AssertDoesNotThrow.java:84)
	at org.junit.jupiter.api.AssertDoesNotThrow.assertDoesNotThrow(AssertDoesNotThrow.java:75)
	at org.junit.jupiter.api.AssertDoesNotThrow.assertDoesNotThrow(AssertDoesNotThrow.java:58)
	at org.junit.jupiter.api.Assertions.assertDoesNotThrow(Assertions.java:3228)
	at com.sigomei.servidor.service.ReglasNegocioServiceTest.rn06_positivo_finalizarConDatosCompletos(ReglasNegocioServiceTest.java:142)
	at java.base/java.lang.reflect.Method.invoke(Method.java:580)
	at java.base/java.util.ArrayList.forEach(ArrayList.java:1597)
	at java.base/java.util.ArrayList.forEach(ArrayList.java:1597)
Caused by: java.lang.UnsupportedOperationException: Método cambiarEstadoOrden no implementado
	at com.sigomei.servidor.service.OrdenService.cambiarEstadoOrden(OrdenService.java:40)
	at com.sigomei.servidor.service.ReglasNegocioServiceTest.lambda$rn06_positivo_finalizarConDatosCompletos$10(ReglasNegocioServiceTest.java:143)
	at org.junit.jupiter.api.AssertDoesNotThrow.assertDoesNotThrow(AssertDoesNotThrow.java:71)
	... 6 more
]]></failure>
  </testcase>
  <testcase name="rn02_negativo_ordenDuplicada" classname="com.sigomei.servidor.service.ReglasNegocioServiceTest" time="0.003">
    <failure message="Unexpected exception type thrown, expected: &lt;com.sigomei.api.excepciones.ReglaNegocioException&gt; but was: &lt;java.lang.UnsupportedOperationException&gt;" type="org.opentest4j.AssertionFailedError"><![CDATA[org.opentest4j.AssertionFailedError: Unexpected exception type thrown, expected: <com.sigomei.api.excepciones.ReglaNegocioException> but was: <java.lang.UnsupportedOperationException>
	at org.junit.jupiter.api.AssertionFailureBuilder.build(AssertionFailureBuilder.java:151)
	at org.junit.jupiter.api.AssertThrows.assertThrows(AssertThrows.java:67)
	at org.junit.jupiter.api.AssertThrows.assertThrows(AssertThrows.java:35)
	at org.junit.jupiter.api.Assertions.assertThrows(Assertions.java:3115)
	at com.sigomei.servidor.service.ReglasNegocioServiceTest.rn02_negativo_ordenDuplicada(ReglasNegocioServiceTest.java:57)
	at java.base/java.lang.reflect.Method.invoke(Method.java:580)
	at java.base/java.util.ArrayList.forEach(ArrayList.java:1597)
	at java.base/java.util.ArrayList.forEach(ArrayList.java:1597)
Caused by: java.lang.UnsupportedOperationException: Método registrarOrden no implementado
	at com.sigomei.servidor.service.OrdenService.registrarOrden(OrdenService.java:18)
	at com.sigomei.servidor.service.ReglasNegocioServiceTest.lambda$rn02_negativo_ordenDuplicada$3(ReglasNegocioServiceTest.java:59)
	at org.junit.jupiter.api.AssertThrows.assertThrows(AssertThrows.java:53)
	... 6 more
]]></failure>
  </testcase>
  <testcase name="rn07_positivo_criticidadAltaConNivelII" classname="com.sigomei.servidor.service.ReglasNegocioServiceTest" time="0.003">
    <failure message="Unexpected exception thrown: java.lang.UnsupportedOperationException: Método registrarOrden no implementado" type="org.opentest4j.AssertionFailedError"><![CDATA[org.opentest4j.AssertionFailedError: Unexpected exception thrown: java.lang.UnsupportedOperationException: Método registrarOrden no implementado
	at org.junit.jupiter.api.AssertionFailureBuilder.build(AssertionFailureBuilder.java:152)
	at org.junit.jupiter.api.AssertDoesNotThrow.createAssertionFailedError(AssertDoesNotThrow.java:84)
	at org.junit.jupiter.api.AssertDoesNotThrow.assertDoesNotThrow(AssertDoesNotThrow.java:75)
	at org.junit.jupiter.api.AssertDoesNotThrow.assertDoesNotThrow(AssertDoesNotThrow.java:58)
	at org.junit.jupiter.api.Assertions.assertDoesNotThrow(Assertions.java:3228)
	at com.sigomei.servidor.service.ReglasNegocioServiceTest.rn07_positivo_criticidadAltaConNivelII(ReglasNegocioServiceTest.java:178)
	at java.base/java.lang.reflect.Method.invoke(Method.java:580)
	at java.base/java.util.ArrayList.forEach(ArrayList.java:1597)
	at java.base/java.util.ArrayList.forEach(ArrayList.java:1597)
Caused by: java.lang.UnsupportedOperationException: Método registrarOrden no implementado
	at com.sigomei.servidor.service.OrdenService.registrarOrden(OrdenService.java:18)
	at com.sigomei.servidor.service.ReglasNegocioServiceTest.lambda$rn07_positivo_criticidadAltaConNivelII$12(ReglasNegocioServiceTest.java:178)
	at org.junit.jupiter.api.AssertDoesNotThrow.assertDoesNotThrow(AssertDoesNotThrow.java:71)
	... 6 more
]]></failure>
  </testcase>
  <testcase name="rn02_positivo_sinOrdenDuplicada" classname="com.sigomei.servidor.service.ReglasNegocioServiceTest" time="0.002">
    <failure message="Unexpected exception thrown: java.lang.UnsupportedOperationException: Método registrarOrden no implementado" type="org.opentest4j.AssertionFailedError"><![CDATA[org.opentest4j.AssertionFailedError: Unexpected exception thrown: java.lang.UnsupportedOperationException: Método registrarOrden no implementado
	at org.junit.jupiter.api.AssertionFailureBuilder.build(AssertionFailureBuilder.java:152)
	at org.junit.jupiter.api.AssertDoesNotThrow.createAssertionFailedError(AssertDoesNotThrow.java:84)
	at org.junit.jupiter.api.AssertDoesNotThrow.assertDoesNotThrow(AssertDoesNotThrow.java:75)
	at org.junit.jupiter.api.AssertDoesNotThrow.assertDoesNotThrow(AssertDoesNotThrow.java:58)
	at org.junit.jupiter.api.Assertions.assertDoesNotThrow(Assertions.java:3228)
	at com.sigomei.servidor.service.ReglasNegocioServiceTest.rn02_positivo_sinOrdenDuplicada(ReglasNegocioServiceTest.java:46)
	at java.base/java.lang.reflect.Method.invoke(Method.java:580)
	at java.base/java.util.ArrayList.forEach(ArrayList.java:1597)
	at java.base/java.util.ArrayList.forEach(ArrayList.java:1597)
Caused by: java.lang.UnsupportedOperationException: Método registrarOrden no implementado
	at com.sigomei.servidor.service.OrdenService.registrarOrden(OrdenService.java:18)
	at com.sigomei.servidor.service.ReglasNegocioServiceTest.lambda$rn02_positivo_sinOrdenDuplicada$2(ReglasNegocioServiceTest.java:46)
	at org.junit.jupiter.api.AssertDoesNotThrow.assertDoesNotThrow(AssertDoesNotThrow.java:71)
	... 6 more
]]></failure>
  </testcase>
  <testcase name="rn06_negativo_finalizarSinDatos" classname="com.sigomei.servidor.service.ReglasNegocioServiceTest" time="0.002">
    <failure message="Unexpected exception type thrown, expected: &lt;com.sigomei.api.excepciones.ReglaNegocioException&gt; but was: &lt;java.lang.UnsupportedOperationException&gt;" type="org.opentest4j.AssertionFailedError"><![CDATA[org.opentest4j.AssertionFailedError: Unexpected exception type thrown, expected: <com.sigomei.api.excepciones.ReglaNegocioException> but was: <java.lang.UnsupportedOperationException>
	at org.junit.jupiter.api.AssertionFailureBuilder.build(AssertionFailureBuilder.java:151)
	at org.junit.jupiter.api.AssertThrows.assertThrows(AssertThrows.java:67)
	at org.junit.jupiter.api.AssertThrows.assertThrows(AssertThrows.java:35)
	at org.junit.jupiter.api.Assertions.assertThrows(Assertions.java:3115)
	at com.sigomei.servidor.service.ReglasNegocioServiceTest.rn06_negativo_finalizarSinDatos(ReglasNegocioServiceTest.java:159)
	at java.base/java.lang.reflect.Method.invoke(Method.java:580)
	at java.base/java.util.ArrayList.forEach(ArrayList.java:1597)
	at java.base/java.util.ArrayList.forEach(ArrayList.java:1597)
Caused by: java.lang.UnsupportedOperationException: Método cambiarEstadoOrden no implementado
	at com.sigomei.servidor.service.OrdenService.cambiarEstadoOrden(OrdenService.java:40)
	at com.sigomei.servidor.service.ReglasNegocioServiceTest.lambda$rn06_negativo_finalizarSinDatos$11(ReglasNegocioServiceTest.java:161)
	at org.junit.jupiter.api.AssertThrows.assertThrows(AssertThrows.java:53)
	... 6 more
]]></failure>
  </testcase>
  <testcase name="rn08_positivo_transicionValida" classname="com.sigomei.servidor.service.ReglasNegocioServiceTest" time="0.003">
    <failure message="Unexpected exception thrown: java.lang.UnsupportedOperationException: Método cambiarEstadoOrden no implementado" type="org.opentest4j.AssertionFailedError"><![CDATA[org.opentest4j.AssertionFailedError: Unexpected exception thrown: java.lang.UnsupportedOperationException: Método cambiarEstadoOrden no implementado
	at org.junit.jupiter.api.AssertionFailureBuilder.build(AssertionFailureBuilder.java:152)
	at org.junit.jupiter.api.AssertDoesNotThrow.createAssertionFailedError(AssertDoesNotThrow.java:84)
	at org.junit.jupiter.api.AssertDoesNotThrow.assertDoesNotThrow(AssertDoesNotThrow.java:75)
	at org.junit.jupiter.api.AssertDoesNotThrow.assertDoesNotThrow(AssertDoesNotThrow.java:58)
	at org.junit.jupiter.api.Assertions.assertDoesNotThrow(Assertions.java:3228)
	at com.sigomei.servidor.service.ReglasNegocioServiceTest.rn08_positivo_transicionValida(ReglasNegocioServiceTest.java:200)
	at java.base/java.lang.reflect.Method.invoke(Method.java:580)
	at java.base/java.util.ArrayList.forEach(ArrayList.java:1597)
	at java.base/java.util.ArrayList.forEach(ArrayList.java:1597)
Caused by: java.lang.UnsupportedOperationException: Método cambiarEstadoOrden no implementado
	at com.sigomei.servidor.service.OrdenService.cambiarEstadoOrden(OrdenService.java:40)
	at com.sigomei.servidor.service.ReglasNegocioServiceTest.lambda$rn08_positivo_transicionValida$14(ReglasNegocioServiceTest.java:201)
	at org.junit.jupiter.api.AssertDoesNotThrow.assertDoesNotThrow(AssertDoesNotThrow.java:71)
	... 6 more
]]></failure>
  </testcase>
  <testcase name="rn05_positivo_fechasCorrectas" classname="com.sigomei.servidor.service.ReglasNegocioServiceTest" time="0.002">
    <failure message="Unexpected exception thrown: java.lang.UnsupportedOperationException: Método registrarOrden no implementado" type="org.opentest4j.AssertionFailedError"><![CDATA[org.opentest4j.AssertionFailedError: Unexpected exception thrown: java.lang.UnsupportedOperationException: Método registrarOrden no implementado
	at org.junit.jupiter.api.AssertionFailureBuilder.build(AssertionFailureBuilder.java:152)
	at org.junit.jupiter.api.AssertDoesNotThrow.createAssertionFailedError(AssertDoesNotThrow.java:84)
	at org.junit.jupiter.api.AssertDoesNotThrow.assertDoesNotThrow(AssertDoesNotThrow.java:75)
	at org.junit.jupiter.api.AssertDoesNotThrow.assertDoesNotThrow(AssertDoesNotThrow.java:58)
	at org.junit.jupiter.api.Assertions.assertDoesNotThrow(Assertions.java:3228)
	at com.sigomei.servidor.service.ReglasNegocioServiceTest.rn05_positivo_fechasCorrectas(ReglasNegocioServiceTest.java:116)
	at java.base/java.lang.reflect.Method.invoke(Method.java:580)
	at java.base/java.util.ArrayList.forEach(ArrayList.java:1597)
	at java.base/java.util.ArrayList.forEach(ArrayList.java:1597)
Caused by: java.lang.UnsupportedOperationException: Método registrarOrden no implementado
	at com.sigomei.servidor.service.OrdenService.registrarOrden(OrdenService.java:18)
	at com.sigomei.servidor.service.ReglasNegocioServiceTest.lambda$rn05_positivo_fechasCorrectas$8(ReglasNegocioServiceTest.java:116)
	at org.junit.jupiter.api.AssertDoesNotThrow.assertDoesNotThrow(AssertDoesNotThrow.java:71)
	... 6 more
]]></failure>
  </testcase>
  <testcase name="rn04_negativo_tecnicoInactivo" classname="com.sigomei.servidor.service.ReglasNegocioServiceTest" time="0.002">
    <failure message="Unexpected exception type thrown, expected: &lt;com.sigomei.api.excepciones.ReglaNegocioException&gt; but was: &lt;java.lang.UnsupportedOperationException&gt;" type="org.opentest4j.AssertionFailedError"><![CDATA[org.opentest4j.AssertionFailedError: Unexpected exception type thrown, expected: <com.sigomei.api.excepciones.ReglaNegocioException> but was: <java.lang.UnsupportedOperationException>
	at org.junit.jupiter.api.AssertionFailureBuilder.build(AssertionFailureBuilder.java:151)
	at org.junit.jupiter.api.AssertThrows.assertThrows(AssertThrows.java:67)
	at org.junit.jupiter.api.AssertThrows.assertThrows(AssertThrows.java:35)
	at org.junit.jupiter.api.Assertions.assertThrows(Assertions.java:3115)
	at com.sigomei.servidor.service.ReglasNegocioServiceTest.rn04_negativo_tecnicoInactivo(ReglasNegocioServiceTest.java:99)
	at java.base/java.lang.reflect.Method.invoke(Method.java:580)
	at java.base/java.util.ArrayList.forEach(ArrayList.java:1597)
	at java.base/java.util.ArrayList.forEach(ArrayList.java:1597)
Caused by: java.lang.UnsupportedOperationException: Método registrarOrden no implementado
	at com.sigomei.servidor.service.OrdenService.registrarOrden(OrdenService.java:18)
	at com.sigomei.servidor.service.ReglasNegocioServiceTest.lambda$rn04_negativo_tecnicoInactivo$7(ReglasNegocioServiceTest.java:101)
	at org.junit.jupiter.api.AssertThrows.assertThrows(AssertThrows.java:53)
	... 6 more
]]></failure>
  </testcase>
  <testcase name="rn07_negativo_criticidadAltaConNivelI" classname="com.sigomei.servidor.service.ReglasNegocioServiceTest" time="0.001">
    <failure message="Unexpected exception type thrown, expected: &lt;com.sigomei.api.excepciones.ReglaNegocioException&gt; but was: &lt;java.lang.UnsupportedOperationException&gt;" type="org.opentest4j.AssertionFailedError"><![CDATA[org.opentest4j.AssertionFailedError: Unexpected exception type thrown, expected: <com.sigomei.api.excepciones.ReglaNegocioException> but was: <java.lang.UnsupportedOperationException>
	at org.junit.jupiter.api.AssertionFailureBuilder.build(AssertionFailureBuilder.java:151)
	at org.junit.jupiter.api.AssertThrows.assertThrows(AssertThrows.java:67)
	at org.junit.jupiter.api.AssertThrows.assertThrows(AssertThrows.java:35)
	at org.junit.jupiter.api.Assertions.assertThrows(Assertions.java:3115)
	at com.sigomei.servidor.service.ReglasNegocioServiceTest.rn07_negativo_criticidadAltaConNivelI(ReglasNegocioServiceTest.java:189)
	at java.base/java.lang.reflect.Method.invoke(Method.java:580)
	at java.base/java.util.ArrayList.forEach(ArrayList.java:1597)
	at java.base/java.util.ArrayList.forEach(ArrayList.java:1597)
Caused by: java.lang.UnsupportedOperationException: Método registrarOrden no implementado
	at com.sigomei.servidor.service.OrdenService.registrarOrden(OrdenService.java:18)
	at com.sigomei.servidor.service.ReglasNegocioServiceTest.lambda$rn07_negativo_criticidadAltaConNivelI$13(ReglasNegocioServiceTest.java:191)
	at org.junit.jupiter.api.AssertThrows.assertThrows(AssertThrows.java:53)
	... 6 more
]]></failure>
  </testcase>
  <testcase name="rn01_negativo_tecnicoIncompatible" classname="com.sigomei.servidor.service.ReglasNegocioServiceTest" time="0.0">
    <failure message="Unexpected exception type thrown, expected: &lt;com.sigomei.api.excepciones.ReglaNegocioException&gt; but was: &lt;java.lang.UnsupportedOperationException&gt;" type="org.opentest4j.AssertionFailedError"><![CDATA[org.opentest4j.AssertionFailedError: Unexpected exception type thrown, expected: <com.sigomei.api.excepciones.ReglaNegocioException> but was: <java.lang.UnsupportedOperationException>
	at org.junit.jupiter.api.AssertionFailureBuilder.build(AssertionFailureBuilder.java:151)
	at org.junit.jupiter.api.AssertThrows.assertThrows(AssertThrows.java:67)
	at org.junit.jupiter.api.AssertThrows.assertThrows(AssertThrows.java:35)
	at org.junit.jupiter.api.Assertions.assertThrows(Assertions.java:3115)
	at com.sigomei.servidor.service.ReglasNegocioServiceTest.rn01_negativo_tecnicoIncompatible(ReglasNegocioServiceTest.java:34)
	at java.base/java.lang.reflect.Method.invoke(Method.java:580)
	at java.base/java.util.ArrayList.forEach(ArrayList.java:1597)
	at java.base/java.util.ArrayList.forEach(ArrayList.java:1597)
Caused by: java.lang.UnsupportedOperationException: Método registrarOrden no implementado
	at com.sigomei.servidor.service.OrdenService.registrarOrden(OrdenService.java:18)
	at com.sigomei.servidor.service.ReglasNegocioServiceTest.lambda$rn01_negativo_tecnicoIncompatible$1(ReglasNegocioServiceTest.java:36)
	at org.junit.jupiter.api.AssertThrows.assertThrows(AssertThrows.java:53)
	... 6 more
]]></failure>
  </testcase>
  <testcase name="rn01_positivo_tecnicoCompatible" classname="com.sigomei.servidor.service.ReglasNegocioServiceTest" time="0.002">
    <failure message="Unexpected exception thrown: java.lang.UnsupportedOperationException: Método registrarOrden no implementado" type="org.opentest4j.AssertionFailedError"><![CDATA[org.opentest4j.AssertionFailedError: Unexpected exception thrown: java.lang.UnsupportedOperationException: Método registrarOrden no implementado
	at org.junit.jupiter.api.AssertionFailureBuilder.build(AssertionFailureBuilder.java:152)
	at org.junit.jupiter.api.AssertDoesNotThrow.createAssertionFailedError(AssertDoesNotThrow.java:84)
	at org.junit.jupiter.api.AssertDoesNotThrow.assertDoesNotThrow(AssertDoesNotThrow.java:75)
	at org.junit.jupiter.api.AssertDoesNotThrow.assertDoesNotThrow(AssertDoesNotThrow.java:58)
	at org.junit.jupiter.api.Assertions.assertDoesNotThrow(Assertions.java:3228)
	at com.sigomei.servidor.service.ReglasNegocioServiceTest.rn01_positivo_tecnicoCompatible(ReglasNegocioServiceTest.java:23)
	at java.base/java.lang.reflect.Method.invoke(Method.java:580)
	at java.base/java.util.ArrayList.forEach(ArrayList.java:1597)
	at java.base/java.util.ArrayList.forEach(ArrayList.java:1597)
Caused by: java.lang.UnsupportedOperationException: Método registrarOrden no implementado
	at com.sigomei.servidor.service.OrdenService.registrarOrden(OrdenService.java:18)
	at com.sigomei.servidor.service.ReglasNegocioServiceTest.lambda$rn01_positivo_tecnicoCompatible$0(ReglasNegocioServiceTest.java:23)
	at org.junit.jupiter.api.AssertDoesNotThrow.assertDoesNotThrow(AssertDoesNotThrow.java:71)
	... 6 more
]]></failure>
  </testcase>
  <testcase name="rn04_positivo_tecnicoActivo" classname="com.sigomei.servidor.service.ReglasNegocioServiceTest" time="0.003">
    <failure message="Unexpected exception thrown: java.lang.UnsupportedOperationException: Método registrarOrden no implementado" type="org.opentest4j.AssertionFailedError"><![CDATA[org.opentest4j.AssertionFailedError: Unexpected exception thrown: java.lang.UnsupportedOperationException: Método registrarOrden no implementado
	at org.junit.jupiter.api.AssertionFailureBuilder.build(AssertionFailureBuilder.java:152)
	at org.junit.jupiter.api.AssertDoesNotThrow.createAssertionFailedError(AssertDoesNotThrow.java:84)
	at org.junit.jupiter.api.AssertDoesNotThrow.assertDoesNotThrow(AssertDoesNotThrow.java:75)
	at org.junit.jupiter.api.AssertDoesNotThrow.assertDoesNotThrow(AssertDoesNotThrow.java:58)
	at org.junit.jupiter.api.Assertions.assertDoesNotThrow(Assertions.java:3228)
	at com.sigomei.servidor.service.ReglasNegocioServiceTest.rn04_positivo_tecnicoActivo(ReglasNegocioServiceTest.java:89)
	at java.base/java.lang.reflect.Method.invoke(Method.java:580)
	at java.base/java.util.ArrayList.forEach(ArrayList.java:1597)
	at java.base/java.util.ArrayList.forEach(ArrayList.java:1597)
Caused by: java.lang.UnsupportedOperationException: Método registrarOrden no implementado
	at com.sigomei.servidor.service.OrdenService.registrarOrden(OrdenService.java:18)
	at com.sigomei.servidor.service.ReglasNegocioServiceTest.lambda$rn04_positivo_tecnicoActivo$6(ReglasNegocioServiceTest.java:89)
	at org.junit.jupiter.api.AssertDoesNotThrow.assertDoesNotThrow(AssertDoesNotThrow.java:71)
	... 6 more
]]></failure>
  </testcase>
</testsuite>